[debug] [2024-09-17T11:18:08.895Z] ----------------------------------------------------------------------
[debug] [2024-09-17T11:18:08.898Z] Command:       C:\Program Files\nodejs\node.exe D:\nodejs\node_modules\firebase-tools\lib\bin\firebase.js deploy --only functions
[debug] [2024-09-17T11:18:08.898Z] CLI Version:   13.15.2
[debug] [2024-09-17T11:18:08.898Z] Platform:      win32
[debug] [2024-09-17T11:18:08.898Z] Node Version:  v18.20.4
[debug] [2024-09-17T11:18:08.899Z] Time:          Tue Sep 17 2024 16:48:08 GMT+0530 (India Standard Time)
[debug] [2024-09-17T11:18:08.899Z] ----------------------------------------------------------------------
[debug] 
[debug] [2024-09-17T11:18:08.951Z] Field ".functions" in "firebase.json" is possibly invalid: should be object
[debug] [2024-09-17T11:18:08.952Z] Object ".functions[0]" in "firebase.json" has unknown property: {"additionalProperty":"httpsTrigger"}
[debug] [2024-09-17T11:18:08.952Z] Field ".functions" in "firebase.json" is possibly invalid: should match some schema in anyOf
[debug] [2024-09-17T11:18:08.956Z] > command requires scopes: ["email","openid","https://www.googleapis.com/auth/cloudplatformprojects.readonly","https://www.googleapis.com/auth/firebase","https://www.googleapis.com/auth/cloud-platform"]
[debug] [2024-09-17T11:18:08.956Z] > authorizing via signed-in user (manwaarullahb@gmail.com)
[debug] [2024-09-17T11:18:08.956Z] [iam] checking project ship-routing-app for permissions ["cloudfunctions.functions.create","cloudfunctions.functions.delete","cloudfunctions.functions.get","cloudfunctions.functions.list","cloudfunctions.functions.update","cloudfunctions.operations.get","firebase.projects.get"]
[debug] [2024-09-17T11:18:08.958Z] >>> [apiv2][query] POST https://cloudresourcemanager.googleapis.com/v1/projects/ship-routing-app:testIamPermissions [none]
[debug] [2024-09-17T11:18:08.958Z] >>> [apiv2][(partial)header] POST https://cloudresourcemanager.googleapis.com/v1/projects/ship-routing-app:testIamPermissions x-goog-quota-user=projects/ship-routing-app
[debug] [2024-09-17T11:18:08.958Z] >>> [apiv2][body] POST https://cloudresourcemanager.googleapis.com/v1/projects/ship-routing-app:testIamPermissions {"permissions":["cloudfunctions.functions.create","cloudfunctions.functions.delete","cloudfunctions.functions.get","cloudfunctions.functions.list","cloudfunctions.functions.update","cloudfunctions.operations.get","firebase.projects.get"]}
[debug] [2024-09-17T11:18:10.688Z] <<< [apiv2][status] POST https://cloudresourcemanager.googleapis.com/v1/projects/ship-routing-app:testIamPermissions 200
[debug] [2024-09-17T11:18:10.688Z] <<< [apiv2][body] POST https://cloudresourcemanager.googleapis.com/v1/projects/ship-routing-app:testIamPermissions {"permissions":["cloudfunctions.functions.create","cloudfunctions.functions.delete","cloudfunctions.functions.get","cloudfunctions.functions.list","cloudfunctions.functions.update","cloudfunctions.operations.get","firebase.projects.get"]}
[debug] [2024-09-17T11:18:10.689Z] >>> [apiv2][query] POST https://iam.googleapis.com/v1/projects/ship-routing-app/serviceAccounts/ship-routing-app@appspot.gserviceaccount.com:testIamPermissions [none]
[debug] [2024-09-17T11:18:10.689Z] >>> [apiv2][body] POST https://iam.googleapis.com/v1/projects/ship-routing-app/serviceAccounts/ship-routing-app@appspot.gserviceaccount.com:testIamPermissions {"permissions":["iam.serviceAccounts.actAs"]}
[debug] [2024-09-17T11:18:13.998Z] <<< [apiv2][status] POST https://iam.googleapis.com/v1/projects/ship-routing-app/serviceAccounts/ship-routing-app@appspot.gserviceaccount.com:testIamPermissions 200
[debug] [2024-09-17T11:18:13.998Z] <<< [apiv2][body] POST https://iam.googleapis.com/v1/projects/ship-routing-app/serviceAccounts/ship-routing-app@appspot.gserviceaccount.com:testIamPermissions {"permissions":["iam.serviceAccounts.actAs"]}
[info] 
[info] === Deploying to 'ship-routing-app'...
[info] 
[info] i  deploying functions 
[debug] [2024-09-17T11:18:14.004Z] >>> [apiv2][query] GET https://firebase.googleapis.com/v1beta1/projects/ship-routing-app [none]
[debug] [2024-09-17T11:18:14.902Z] <<< [apiv2][status] GET https://firebase.googleapis.com/v1beta1/projects/ship-routing-app 200
[debug] [2024-09-17T11:18:14.902Z] <<< [apiv2][body] GET https://firebase.googleapis.com/v1beta1/projects/ship-routing-app {"projectId":"ship-routing-app","projectNumber":"179380437829","displayName":"ship-routing-app","name":"projects/ship-routing-app","resources":{"hostingSite":"ship-routing-app","realtimeDatabaseInstance":"ship-routing-app-default-rtdb","storageBucket":"ship-routing-app.appspot.com","locationId":"asia-south1"},"state":"ACTIVE","etag":"1_f4289316-f8e9-4fe9-93f9-6be50ead5500"}
[info] i  functions: preparing codebase default for deployment 
[info] i  functions: ensuring required API cloudfunctions.googleapis.com is enabled... 
[info] i  functions: ensuring required API cloudbuild.googleapis.com is enabled... 
[info] i  artifactregistry: ensuring required API artifactregistry.googleapis.com is enabled... 
[debug] [2024-09-17T11:18:14.906Z] >>> [apiv2][query] GET https://serviceusage.googleapis.com/v1/projects/ship-routing-app/services/cloudfunctions.googleapis.com [none]
[debug] [2024-09-17T11:18:14.906Z] >>> [apiv2][(partial)header] GET https://serviceusage.googleapis.com/v1/projects/ship-routing-app/services/cloudfunctions.googleapis.com x-goog-quota-user=projects/ship-routing-app
[debug] [2024-09-17T11:18:14.908Z] >>> [apiv2][query] GET https://serviceusage.googleapis.com/v1/projects/ship-routing-app/services/runtimeconfig.googleapis.com [none]
[debug] [2024-09-17T11:18:14.908Z] >>> [apiv2][(partial)header] GET https://serviceusage.googleapis.com/v1/projects/ship-routing-app/services/runtimeconfig.googleapis.com x-goog-quota-user=projects/ship-routing-app
[debug] [2024-09-17T11:18:14.910Z] >>> [apiv2][query] GET https://serviceusage.googleapis.com/v1/projects/ship-routing-app/services/cloudbuild.googleapis.com [none]
[debug] [2024-09-17T11:18:14.910Z] >>> [apiv2][(partial)header] GET https://serviceusage.googleapis.com/v1/projects/ship-routing-app/services/cloudbuild.googleapis.com x-goog-quota-user=projects/ship-routing-app
[debug] [2024-09-17T11:18:14.910Z] >>> [apiv2][query] GET https://serviceusage.googleapis.com/v1/projects/ship-routing-app/services/artifactregistry.googleapis.com [none]
[debug] [2024-09-17T11:18:14.910Z] >>> [apiv2][(partial)header] GET https://serviceusage.googleapis.com/v1/projects/ship-routing-app/services/artifactregistry.googleapis.com x-goog-quota-user=projects/ship-routing-app
[debug] [2024-09-17T11:18:17.143Z] <<< [apiv2][status] GET https://serviceusage.googleapis.com/v1/projects/ship-routing-app/services/cloudbuild.googleapis.com 200
[debug] [2024-09-17T11:18:17.144Z] <<< [apiv2][body] GET https://serviceusage.googleapis.com/v1/projects/ship-routing-app/services/cloudbuild.googleapis.com [omitted]
[info] +  functions: required API cloudbuild.googleapis.com is enabled 
[debug] [2024-09-17T11:18:17.147Z] <<< [apiv2][status] GET https://serviceusage.googleapis.com/v1/projects/ship-routing-app/services/cloudfunctions.googleapis.com 200
[debug] [2024-09-17T11:18:17.147Z] <<< [apiv2][body] GET https://serviceusage.googleapis.com/v1/projects/ship-routing-app/services/cloudfunctions.googleapis.com [omitted]
[info] +  functions: required API cloudfunctions.googleapis.com is enabled 
[debug] [2024-09-17T11:18:17.149Z] <<< [apiv2][status] GET https://serviceusage.googleapis.com/v1/projects/ship-routing-app/services/artifactregistry.googleapis.com 200
[debug] [2024-09-17T11:18:17.149Z] <<< [apiv2][body] GET https://serviceusage.googleapis.com/v1/projects/ship-routing-app/services/artifactregistry.googleapis.com [omitted]
[info] +  artifactregistry: required API artifactregistry.googleapis.com is enabled 
[debug] [2024-09-17T11:18:17.295Z] <<< [apiv2][status] GET https://serviceusage.googleapis.com/v1/projects/ship-routing-app/services/runtimeconfig.googleapis.com 200
[debug] [2024-09-17T11:18:17.296Z] <<< [apiv2][body] GET https://serviceusage.googleapis.com/v1/projects/ship-routing-app/services/runtimeconfig.googleapis.com [omitted]
[debug] [2024-09-17T11:18:17.296Z] >>> [apiv2][query] GET https://firebase.googleapis.com/v1beta1/projects/ship-routing-app/adminSdkConfig [none]
